<?xml version="1.0" encoding="UTF-8"?>
<testng-results ignored="0" total="1" passed="1" failed="0" skipped="0">
  <reporter-output>
  </reporter-output>
  <suite started-at="2022-08-02T17:30:21 IST" name="Default suite" finished-at="2022-08-02T17:30:26 IST" duration-ms="4739">
    <groups>
    </groups>
    <test started-at="2022-08-02T17:30:21 IST" name="Default test" finished-at="2022-08-02T17:30:26 IST" duration-ms="4739">
      <class name="datepicker.Datepicker02">
        <test-method is-config="true" signature="Setup()[pri:0, instance:datepicker.Datepicker02@428640fa]" started-at="2022-08-02T17:30:21 IST" name="Setup" finished-at="2022-08-02T17:30:26 IST" duration-ms="4513" status="PASS">
          <reporter-output>
          </reporter-output>
        </test-method> <!-- Setup -->
        <test-method signature="datpick1()[pri:0, instance:datepicker.Datepicker02@428640fa]" started-at="2022-08-02T17:30:26 IST" name="datpick1" finished-at="2022-08-02T17:30:26 IST" duration-ms="162" status="PASS">
          <reporter-output>
          </reporter-output>
        </test-method> <!-- datpick1 -->
      </class> <!-- datepicker.Datepicker02 -->
    </test> <!-- Default test -->
  </suite> <!-- Default suite -->
</testng-results>
